app/proguard-rules.pro
# Add project specific ProGuard rules here.
# You can control the set of applied configuration files using the
# proguardFiles setting in build.gradle.
#
# For more details, see
#   http://developer.android.com/guide/developing/tools/proguard.html

# If your project uses WebView with JS, uncomment the following
# and specify the fully qualified class name to the JavaScript interface
# class:
#-keepclassmembers class fqcn.of.javascript.interface.for.webview {
#   public *;
#}

# Uncomment this to preserve the line number information for
# debugging stack traces.
#-keepattributes SourceFile,LineNumberTable

# If you keep the line number information, uncomment this to
# hide the original source file name.
#-renamesourcefileattribute SourceFile

# glide library
    -keep public class * implements com.bumptech.glide.module.GlideModule
    -keep public class * extends com.bumptech.glide.module.AppGlideModule
    -keep public enum com.bumptech.glide.load.ImageHeaderParser$** {
      **[] $VALUES;
      public *;
    }

    # for DexGuard only
#    -keepresourcexmlelements manifest/application/meta-data@value=GlideModule

# nav host fragment class could be minified by proguard
-keepnames class androidx.navigation.fragment.NavHostFragment