app/build/outputs/mapping/release/seeds.txt
com.pleiades.pleione.kakaoprofile.ui.activity.main.fragment.more.MoreFragment
com.pleiades.pleione.kakaoprofile.ui.activity.SplashActivity: SplashActivity()
com.pleiades.pleione.kakaoprofile.ui.activity.main.fragment.profiles.ProfilesFragment: ProfilesFragment()
com.pleiades.pleione.kakaoprofile.ui.activity.full.ViewPagerFixed
com.pleiades.pleione.kakaoprofile.ui.activity.HideActivity
com.pleiades.pleione.kakaoprofile.ui.activity.full.FullActivity
com.pleiades.pleione.kakaoprofile.ui.activity.SplashActivity
com.pleiades.pleione.kakaoprofile.ui.activity.HideActivity: HideActivity()
com.pleiades.pleione.kakaoprofile.ui.activity.main.fragment.archive.ArchiveFragment
com.pleiades.pleione.kakaoprofile.ui.activity.main.fragment.profiles.ProfilesFragment
com.pleiades.pleione.kakaoprofile.ui.activity.main.MainActivity: MainActivity()
com.pleiades.pleione.kakaoprofile.ui.activity.main.MainActivity
com.pleiades.pleione.kakaoprofile.ui.activity.full.ViewPagerFixed: ViewPagerFixed(android.content.Context,android.util.AttributeSet)
com.pleiades.pleione.kakaoprofile.ui.activity.main.fragment.archive.ArchiveFragment: ArchiveFragment()
com.pleiades.pleione.kakaoprofile.ui.activity.main.fragment.more.MoreFragment: MoreFragment()
com.pleiades.pleione.kakaoprofile.ui.activity.full.FullActivity: FullActivity()
...
com.google.android.gms.internal.ads.zzug$zzi: com.google.android.gms.internal.ads.zzug$zzo zzccn
androidx.appcompat.widget.Toolbar: int getTitleMarginTop()
androidx.appcompat.widget.SearchView: int getSuggestionRowLayout()
com.google.android.gms.internal.ads.zzefz: com.google.android.gms.internal.ads.zzega zzign
androidx.appcompat.view.menu.ActionMenuItemView: void setIcon(android.graphics.drawable.Drawable)
com.google.ads.mediation.customevent.CustomEventInterstitial: void showInterstitial()
com.google.android.material.card.MaterialCardView: void setCardElevation(float)
com.google.android.gms.internal.ads.zzug$zzm: int zzdv
com.google.android.gms.internal.ads.zzcf$zza: java.lang.String zzht
androidx.vectordrawable.graphics.drawable.VectorDrawableCompat$VGroup
androidx.appcompat.app.AppCompatActivity
com.google.android.gms.internal.ads.zzcf$zza: long zzgr
com.google.android.gms.dynamite.descriptors.com.google.android.gms.ads.dynamite.ModuleDescriptor
com.google.android.gms.ads.AdView: java.lang.String getMediationAdapterClassName()
com.google.android.material.floatingactionbutton.FloatingActionButton$BaseBehavior: FloatingActionButton$BaseBehavior()
com.google.android.material.floatingactionbutton.FloatingActionButton: void setCompatPressedTranslationZResource(int)
com.google.android.gms.internal.ads.zzug$zzw
androidx.appcompat.widget.Toolbar: int getCurrentContentInsetLeft()
com.google.ads.mediation.AbstractAdViewAdapter: void showInterstitial()
com.google.android.material.card.MaterialCardView: android.graphics.drawable.Drawable getCheckedIcon()
com.google.ads.mediation.AbstractAdViewAdapter
androidx.lifecycle.SingleGeneratedAdapterObserver
com.google.android.material.floatingactionbutton.FloatingActionButton: int getCustomSize()
com.google.android.gms.ads.formats.UnifiedNativeAdView: void setBodyView(android.view.View)
com.google.android.gms.internal.ads.zzego: com.google.android.gms.internal.ads.zzemx zzek
com.google.android.gms.internal.ads.zzegl: com.google.android.gms.internal.ads.zzegl zzihs
com.google.android.gms.internal.ads.zzepa$zzb$zza: int zzdv
com.google.android.gms.internal.ads.zzepa$zzb: boolean zziyk
androidx.recyclerview.widget.RecyclerView
com.google.android.gms.internal.ads.zzug$zzg: int zzcbn
com.github.chrisbanes.photoview.PhotoView: void setMinimumScale(float)
com.google.android.gms.internal.ads.zzcf$zza: int zzdv
androidx.appcompat.widget.AppCompatSpinner: android.graphics.drawable.Drawable getPopupBackground()
com.google.android.gms.internal.ads.zzug$zzg: com.google.android.gms.internal.ads.zzug$zzt zzcbi
com.google.android.gms.ads.BaseAdView: com.google.android.gms.ads.AdSize getAdSize()
com.google.android.gms.ads.mediation.MediationInterstitialAdapter: void onPause()
com.github.chrisbanes.photoview.PhotoView: com.github.chrisbanes.photoview.PhotoViewAttacher getAttacher()
com.google.ads.mediation.customevent.CustomEventAdapter: void showInterstitial()
androidx.work.ListenableWorker: com.google.common.util.concurrent.ListenableFuture startWork()
com.google.android.gms.internal.ads.zzegl$zzb
com.google.android.gms.ads.mediation.MediationBannerAdapter
com.google.android.material.floatingactionbutton.FloatingActionButton: void setSupportBackgroundTintList(android.content.res.ColorStateList)
androidx.constraintlayout.widget.ConstraintLayout: void setMaxHeight(int)
com.google.android.material.textfield.TextInputLayout: void setErrorEnabled(boolean)
com.google.android.material.bottomnavigation.BottomNavigationView: android.view.Menu getMenu()
androidx.constraintlayout.widget.ConstraintLayout: int getOptimizationLevel()
com.google.android.gms.internal.ads.zzbax
androidx.appcompat.widget.SearchView: int getInputType()
com.github.chrisbanes.photoview.PhotoView: void setOnSingleFlingListener(com.github.chrisbanes.photoview.OnSingleFlingListener)
com.google.ads.mediation.AbstractAdViewAdapter: com.google.android.gms.ads.reward.mediation.MediationRewardedVideoAdListener zzmo