app/build/outputs/mapping/release/usage.txt
com.pleiades.pleione.kakaoprofile.BuildConfig
com.pleiades.pleione.kakaoprofile.R$navigation
com.pleiades.pleione.kakaoprofile.RequestConfig
com.pleiades.pleione.kakaoprofile.R$styleable
com.pleiades.pleione.kakaoprofile.R$interpolator
com.pleiades.pleione.kakaoprofile.ui.activity.main.fragment.profiles.ProfileRecyclerAdapter:
    public void setSelectedRange(int,int,boolean)
    public void setSelectedAll()
com.pleiades.pleione.kakaoprofile.R$xml
com.pleiades.pleione.kakaoprofile.cache.CacheConfig:
    public void <init>()
    public static final int CACHE_NOT_CHANGED
    public static final int CACHE_NOT_FOUND
    public static final int CACHE_CHANGED
com.pleiades.pleione.kakaoprofile.DeviceController:
    public void <init>()
com.pleiades.pleione.kakaoprofile.ui.toast.ToastConfig:
    public void <init>()
com.pleiades.pleione.kakaoprofile.R$anim
com.pleiades.pleione.kakaoprofile.R$drawable
com.pleiades.pleione.kakaoprofile.ui.dialog.DialogConfig
com.pleiades.pleione.kakaoprofile.R$animator
com.pleiades.pleione.kakaoprofile.R$mipmap
com.pleiades.pleione.kakaoprofile.R
com.pleiades.pleione.kakaoprofile.R$dimen
com.pleiades.pleione.kakaoprofile.R$menu
com.pleiades.pleione.kakaoprofile.R$layout
com.pleiades.pleione.kakaoprofile.R$style
com.pleiades.pleione.kakaoprofile.R$integer
com.pleiades.pleione.kakaoprofile.R$bool
com.pleiades.pleione.kakaoprofile.prefs.PrefsConfig
com.pleiades.pleione.kakaoprofile.R$color
com.pleiades.pleione.kakaoprofile.ui.instant.InstantHolder:
    public void <init>()
com.pleiades.pleione.kakaoprofile.R$id
com.pleiades.pleione.kakaoprofile.ui.activity.full.ViewPagerFixed:
    public void <init>(android.content.Context)
com.pleiades.pleione.kakaoprofile.R$string
com.pleiades.pleione.kakaoprofile.prefs.PrefsController:
    public void <init>()
    public static java.lang.String getString(java.lang.String)
    public static void setString(java.lang.String,java.lang.String)
com.pleiades.pleione.kakaoprofile.ui.instant.InstantConfig
com.pleiades.pleione.kakaoprofile.R$array
com.pleiades.pleione.kakaoprofile.ui.activity.full.FullPagerAdapter:
    public void notifyChangeInPosition(int)
com.pleiades.pleione.kakaoprofile.R$plurals
com.pleiades.pleione.kakaoprofile.R$attr
com.pleiades.pleione.kakaoprofile.ui.toast.ToastController:
    public final android.widget.Toast createCustomToast(int,java.lang.String)
    public final int dpToPx(int)
com.pleiades.pleione.kakaoprofile.ui.activity.HideActivity:
    public static synthetic com.pleiades.pleione.kakaoprofile.ui.activity.main.fragment.profiles.ProfileRecyclerAdapter access$000(com.pleiades.pleione.kakaoprofile.ui.activity.HideActivity)
    public static synthetic void access$100(com.pleiades.pleione.kakaoprofile.ui.activity.HideActivity)
    public final void initializeHideRecyclerView()
    public final void refreshHideRecyclerView()
com.pleiades.pleione.kakaoprofile.ui.activity.main.MainActivity$1:
    public final synthetic com.pleiades.pleione.kakaoprofile.ui.activity.main.MainActivity this$0
com.pleiades.pleione.kakaoprofile.ui.dialog.DialogRecyclerAdapter$DialogViewHolder$1:
    public final synthetic com.pleiades.pleione.kakaoprofile.ui.dialog.DialogRecyclerAdapter val$this$0
com.pleiades.pleione.kakaoprofile.ui.activity.main.fragment.more.MoreFragment:
    public final void initializeRecyclerView()
    public final void initializeList()
    public final void refreshRecyclerView()
...
com.google.android.gms.internal.ads.zzbi
com.google.android.gms.internal.ads.zzdys$zzb:
    public void <init>()
androidx.core.app.ComponentActivity:
    public androidx.collection.SimpleArrayMap mExtraDataMap
com.google.android.gms.internal.ads.zzbbl:
    public static boolean zza(org.json.JSONObject,java.lang.String,boolean)
    public static java.lang.String zzc(org.json.JSONObject,java.lang.String,com.google.android.gms.internal.ads.zzaba)
    public final java.lang.String zzelj
com.google.android.gms.internal.ads.zzajz
androidx.core.widget.NestedScrollView$SavedState$1:
    public androidx.core.widget.NestedScrollView$SavedState createFromParcel(android.os.Parcel)
    public androidx.core.widget.NestedScrollView$SavedState[] newArray(int)
androidx.appcompat.R$color
androidx.activity.OnBackPressedCallback:
    public final void setEnabled(boolean)
    public final boolean isEnabled()
    public void addCancellable(androidx.activity.Cancellable)
    public void removeCancellable(androidx.activity.Cancellable)
androidx.transition.ChangeBounds$2:
    public void set(androidx.transition.ChangeBounds$ViewBounds,android.graphics.PointF)
    public android.graphics.PointF get()
androidx.savedstate.Recreator:
    public final void reflectiveNew(java.lang.String)
com.google.android.gms.internal.ads.zzcqa:
    public static com.google.android.gms.internal.ads.zzcqa zzaq(com.google.android.gms.internal.ads.zzeqo,com.google.android.gms.internal.ads.zzeqo)
androidx.transition.ViewUtilsApi23:
    public static void <clinit>()
com.google.android.gms.internal.ads.zzlw:
    public static com.google.android.gms.internal.ads.zzlw zzay(java.lang.String)
    public static com.google.android.gms.internal.ads.zzlw zza(java.lang.String,java.lang.String,android.media.MediaCodecInfo$CodecCapabilities,boolean,boolean)
    public final android.media.MediaCodecInfo$CodecProfileLevel[] zzhi()
    public final boolean zzaz(java.lang.String)
    public final android.graphics.Point zzd(int,int)
    public final boolean zzaw(int)
    public final boolean zzax(int)
com.google.android.gms.internal.ads.zzcqr:
    public static final synthetic void zza(android.database.sqlite.SQLiteDatabase,java.lang.String,com.google.android.gms.internal.ads.zzazo)
    public static final synthetic java.lang.Void zza(com.google.android.gms.internal.ads.zzazo,android.database.sqlite.SQLiteDatabase)
    public final void zza(com.google.android.gms.internal.ads.zzazo)
    public final void zza(android.database.sqlite.SQLiteDatabase,com.google.android.gms.internal.ads.zzazo,java.lang.String)
    public final void zzb(com.google.android.gms.internal.ads.zzazo,java.lang.String)
    public final void zza(com.google.android.gms.internal.ads.zzcrc)
    public final java.lang.Void zza(com.google.android.gms.internal.ads.zzcrc,android.database.sqlite.SQLiteDatabase)
    public final java.lang.Void zza(com.google.android.gms.internal.ads.zzazo,java.lang.String,android.database.sqlite.SQLiteDatabase)
com.google.android.material.snackbar.SnackbarManager$SnackbarRecord:
    public boolean isSnackbar(com.google.android.material.snackbar.SnackbarManager$Callback)
    public final java.lang.ref.WeakReference callback
    public int duration
    public boolean paused
com.google.android.gms.internal.ads.zzdtd:
    public void <init>(java.lang.String,boolean,boolean)
androidx.work.impl.utils.taskexecutor.TaskExecutor:
    public abstract java.util.concurrent.Executor getMainThreadExecutor()
    public abstract void executeOnBackgroundThread(java.lang.Runnable)
    public abstract java.util.concurrent.Executor getBackgroundExecutor()
com.google.android.gms.ads.internal.util.zzbq:
    public void <init>(java.lang.String,java.lang.String)
com.google.android.gms.internal.ads.zzbno:
    public final void zzako()
com.google.android.gms.internal.ads.zzrg
com.google.android.gms.internal.ads.zzdql:
    public static com.google.android.gms.internal.ads.zzdql zzawz()